<?xml version="1.0" encoding="UTF-8"?>
<testng-results ignored="0" total="12" passed="11" failed="1" skipped="0">
  <reporter-output>
  </reporter-output>
  <suite started-at="2022-05-31T17:09:11 EAT" name="Pet Store" finished-at="2022-05-31T17:09:40 EAT" duration-ms="29425">
    <groups>
    </groups>
    <test started-at="2022-05-31T17:09:11 EAT" name="User" finished-at="2022-05-31T17:09:40 EAT" duration-ms="29425">
      <class name="Pets">
        <test-method is-config="true" signature="specs()[pri:0, instance:Pets@25a65b77]" started-at="2022-05-31T17:09:11 EAT" name="specs" finished-at="2022-05-31T17:09:11 EAT" duration-ms="618" status="PASS">
          <reporter-output>
          </reporter-output>
        </test-method> <!-- specs -->
        <test-method signature="addPet()[pri:0, instance:Pets@25a65b77]" started-at="2022-05-31T17:09:11 EAT" name="addPet" finished-at="2022-05-31T17:09:14 EAT" duration-ms="2487" status="PASS">
          <reporter-output>
          </reporter-output>
        </test-method> <!-- addPet -->
        <test-method signature="deletePet()[pri:0, instance:Pets@25a65b77]" started-at="2022-05-31T17:09:14 EAT" name="deletePet" finished-at="2022-05-31T17:09:15 EAT" duration-ms="1459" status="PASS">
          <reporter-output>
          </reporter-output>
        </test-method> <!-- deletePet -->
        <test-method signature="getPetByStatus()[pri:0, instance:Pets@25a65b77]" started-at="2022-05-31T17:09:15 EAT" name="getPetByStatus" finished-at="2022-05-31T17:09:17 EAT" duration-ms="1402" status="PASS">
          <reporter-output>
          </reporter-output>
        </test-method> <!-- getPetByStatus -->
      </class> <!-- Pets -->
      <class name="User">
        <test-method is-config="true" signature="specs()[pri:0, instance:User@5ef60048]" started-at="2022-05-31T17:09:29 EAT" name="specs" finished-at="2022-05-31T17:09:29 EAT" duration-ms="1" status="PASS">
          <reporter-output>
          </reporter-output>
        </test-method> <!-- specs -->
        <test-method signature="createUser()[pri:0, instance:User@5ef60048]" started-at="2022-05-31T17:09:29 EAT" name="createUser" finished-at="2022-05-31T17:09:30 EAT" duration-ms="1372" status="FAIL">
          <exception class="java.lang.AssertionError">
            <message>
              <![CDATA[expected [200] but found [500]]]>
            </message>
            <full-stacktrace>
              <![CDATA[java.lang.AssertionError: expected [200] but found [500]
at org.testng.Assert.fail(Assert.java:110)
at org.testng.Assert.failNotEquals(Assert.java:1413)
at org.testng.Assert.assertEqualsImpl(Assert.java:149)
at org.testng.Assert.assertEquals(Assert.java:131)
at org.testng.Assert.assertEquals(Assert.java:1240)
at org.testng.Assert.assertEquals(Assert.java:1274)
at User.createUser(User.java:39)
at java.base/jdk.internal.reflect.NativeMethodAccessorImpl.invoke0(Native Method)
at java.base/jdk.internal.reflect.NativeMethodAccessorImpl.invoke(NativeMethodAccessorImpl.java:78)
at java.base/jdk.internal.reflect.DelegatingMethodAccessorImpl.invoke(DelegatingMethodAccessorImpl.java:43)
at java.base/java.lang.reflect.Method.invoke(Method.java:567)
at org.testng.internal.invokers.MethodInvocationHelper.invokeMethod(MethodInvocationHelper.java:139)
at org.testng.internal.invokers.TestInvoker.invokeMethod(TestInvoker.java:677)
at org.testng.internal.invokers.TestInvoker.invokeTestMethod(TestInvoker.java:221)
at org.testng.internal.invokers.MethodRunner.runInSequence(MethodRunner.java:50)
at org.testng.internal.invokers.TestInvoker$MethodInvocationAgent.invoke(TestInvoker.java:962)
at org.testng.internal.invokers.TestInvoker.invokeTestMethods(TestInvoker.java:194)
at org.testng.internal.invokers.TestMethodWorker.invokeTestMethods(TestMethodWorker.java:148)
at org.testng.internal.invokers.TestMethodWorker.run(TestMethodWorker.java:128)
at java.base/java.util.ArrayList.forEach(ArrayList.java:1511)
at org.testng.TestRunner.privateRun(TestRunner.java:806)
at org.testng.TestRunner.run(TestRunner.java:601)
at org.testng.SuiteRunner.runTest(SuiteRunner.java:433)
at org.testng.SuiteRunner.runSequentially(SuiteRunner.java:427)
at org.testng.SuiteRunner.privateRun(SuiteRunner.java:387)
at org.testng.SuiteRunner.run(SuiteRunner.java:330)
at org.testng.SuiteRunnerWorker.runSuite(SuiteRunnerWorker.java:52)
at org.testng.SuiteRunnerWorker.run(SuiteRunnerWorker.java:95)
at org.testng.TestNG.runSuitesSequentially(TestNG.java:1256)
at org.testng.TestNG.runSuitesLocally(TestNG.java:1176)
at org.testng.TestNG.runSuites(TestNG.java:1099)
at org.testng.TestNG.run(TestNG.java:1067)
at org.apache.maven.surefire.testng.TestNGExecutor.run(TestNGExecutor.java:283)
at org.apache.maven.surefire.testng.TestNGXmlTestSuite.execute(TestNGXmlTestSuite.java:75)
at org.apache.maven.surefire.testng.TestNGProvider.invoke(TestNGProvider.java:120)
at org.apache.maven.surefire.booter.ForkedBooter.runSuitesInProcess(ForkedBooter.java:377)
at org.apache.maven.surefire.booter.ForkedBooter.execute(ForkedBooter.java:138)
at org.apache.maven.surefire.booter.ForkedBooter.run(ForkedBooter.java:465)
at org.apache.maven.surefire.booter.ForkedBooter.main(ForkedBooter.java:451)
]]>
            </full-stacktrace>
          </exception> <!-- java.lang.AssertionError -->
          <reporter-output>
          </reporter-output>
        </test-method> <!-- createUser -->
        <test-method signature="deleteUser()[pri:0, instance:User@5ef60048]" started-at="2022-05-31T17:09:30 EAT" name="deleteUser" finished-at="2022-05-31T17:09:32 EAT" duration-ms="1527" status="PASS">
          <reporter-output>
          </reporter-output>
        </test-method> <!-- deleteUser -->
        <test-method signature="getUser()[pri:0, instance:User@5ef60048]" started-at="2022-05-31T17:09:32 EAT" name="getUser" finished-at="2022-05-31T17:09:33 EAT" duration-ms="1373" status="PASS">
          <reporter-output>
          </reporter-output>
        </test-method> <!-- getUser -->
        <test-method signature="userLogin()[pri:0, instance:User@5ef60048]" started-at="2022-05-31T17:09:33 EAT" name="userLogin" finished-at="2022-05-31T17:09:37 EAT" duration-ms="3398" status="PASS">
          <reporter-output>
          </reporter-output>
        </test-method> <!-- userLogin -->
        <test-method signature="userLogout()[pri:0, instance:User@5ef60048]" started-at="2022-05-31T17:09:37 EAT" name="userLogout" finished-at="2022-05-31T17:09:38 EAT" duration-ms="1496" status="PASS">
          <reporter-output>
          </reporter-output>
        </test-method> <!-- userLogout -->
      </class> <!-- User -->
      <class name="Store">
        <test-method is-config="true" signature="specs()[pri:0, instance:Store@5af97850]" started-at="2022-05-31T17:09:17 EAT" name="specs" finished-at="2022-05-31T17:09:17 EAT" duration-ms="1" status="PASS">
          <reporter-output>
          </reporter-output>
        </test-method> <!-- specs -->
        <test-method is-config="true" signature="placeOrderResponse()[pri:0, instance:Store@5af97850]" started-at="2022-05-31T17:09:17 EAT" name="placeOrderResponse" finished-at="2022-05-31T17:09:18 EAT" duration-ms="1536" status="PASS">
          <reporter-output>
          </reporter-output>
        </test-method> <!-- placeOrderResponse -->
        <test-method signature="deleteOrder()[pri:0, instance:Store@5af97850]" started-at="2022-05-31T17:09:18 EAT" name="deleteOrder" finished-at="2022-05-31T17:09:20 EAT" duration-ms="1544" status="PASS">
          <reporter-output>
          </reporter-output>
        </test-method> <!-- deleteOrder -->
        <test-method is-config="true" signature="placeOrderResponse()[pri:0, instance:Store@5af97850]" started-at="2022-05-31T17:09:20 EAT" name="placeOrderResponse" finished-at="2022-05-31T17:09:21 EAT" duration-ms="1497" status="PASS">
          <reporter-output>
          </reporter-output>
        </test-method> <!-- placeOrderResponse -->
        <test-method signature="findOrder()[pri:0, instance:Store@5af97850]" started-at="2022-05-31T17:09:21 EAT" name="findOrder" finished-at="2022-05-31T17:09:23 EAT" duration-ms="1536" status="PASS">
          <reporter-output>
          </reporter-output>
        </test-method> <!-- findOrder -->
        <test-method is-config="true" signature="placeOrderResponse()[pri:0, instance:Store@5af97850]" started-at="2022-05-31T17:09:23 EAT" name="placeOrderResponse" finished-at="2022-05-31T17:09:24 EAT" duration-ms="1462" status="PASS">
          <reporter-output>
          </reporter-output>
        </test-method> <!-- placeOrderResponse -->
        <test-method signature="getStoreInventory()[pri:0, instance:Store@5af97850]" started-at="2022-05-31T17:09:24 EAT" name="getStoreInventory" finished-at="2022-05-31T17:09:26 EAT" duration-ms="1438" status="PASS">
          <reporter-output>
          </reporter-output>
        </test-method> <!-- getStoreInventory -->
        <test-method is-config="true" signature="placeOrderResponse()[pri:0, instance:Store@5af97850]" started-at="2022-05-31T17:09:26 EAT" name="placeOrderResponse" finished-at="2022-05-31T17:09:27 EAT" duration-ms="1483" status="PASS">
          <reporter-output>
          </reporter-output>
        </test-method> <!-- placeOrderResponse -->
        <test-method signature="placeOrder()[pri:0, instance:Store@5af97850]" started-at="2022-05-31T17:09:27 EAT" name="placeOrder" finished-at="2022-05-31T17:09:29 EAT" duration-ms="1554" status="PASS">
          <reporter-output>
          </reporter-output>
        </test-method> <!-- placeOrder -->
        <test-method is-config="true" signature="clearOrder()[pri:0, instance:Store@5af97850]" started-at="2022-05-31T17:09:38 EAT" name="clearOrder" finished-at="2022-05-31T17:09:40 EAT" duration-ms="2176" status="PASS">
          <reporter-output>
          </reporter-output>
        </test-method> <!-- clearOrder -->
      </class> <!-- Store -->
    </test> <!-- User -->
  </suite> <!-- Pet Store -->
</testng-results>
